<?xml version="1.0" encoding="UTF-8"?>
<!-- Generated by org.testng.reporters.JUnitXMLReporter -->
<testsuite hostname="Adekoyas-MacBook-Pro.local" ignored="4" name="Aspiration Test" tests="2" failures="0" timestamp="15 Sep 2021 10:27:46 GMT" time="15.781" errors="0">
  <testcase name="init" time="8.054" classname="com.aspiration.test.HomePageTest"/>
  <testcase name="init" time="7.7" classname="com.aspiration.test.OurProductsTest"/>
  <testcase name="@BeforeSuite initialize" time="0.0" classname="com.aspiration.test.TestBase">
    <ignored/>
  </testcase> <!-- @BeforeSuite initialize -->
  <testcase name="@BeforeSuite initialize" time="0.0" classname="com.aspiration.test.TestBase">
    <ignored/>
  </testcase> <!-- @BeforeSuite initialize -->
  <testcase name="@AfterSuite endTest" time="0.0" classname="com.aspiration.test.TestBase">
    <ignored/>
  </testcase> <!-- @AfterSuite endTest -->
  <testcase name="@AfterSuite endTest" time="0.0" classname="com.aspiration.test.TestBase">
    <ignored/>
  </testcase> <!-- @AfterSuite endTest -->
</testsuite> <!-- Aspiration Test -->
