<?xml version="1.0" encoding="UTF-8"?>
<testng-results skipped="0" failed="0" ignored="2" total="4" passed="2">
  <reporter-output>
  </reporter-output>
  <suite name="suite" duration-ms="18150" started-at="2021-09-22T02:38:41Z" finished-at="2021-09-22T02:39:00Z">
    <groups>
    </groups>
    <test name="Aspiration Test" duration-ms="18150" started-at="2021-09-22T02:38:41Z" finished-at="2021-09-22T02:39:00Z">
      <class name="com.aspiration.test.HomePageTest">
        <test-method status="PASS" signature="initialize()[pri:0, instance:com.aspiration.test.HomePageTest@7a5d012c]" name="initialize" is-config="true" duration-ms="11103" started-at="2021-09-22T02:38:30Z" finished-at="2021-09-22T02:38:41Z">
          <reporter-output>
          </reporter-output>
        </test-method> <!-- initialize -->
        <test-method status="PASS" signature="init()[pri:0, instance:com.aspiration.test.HomePageTest@7a5d012c]" name="init" duration-ms="8985" started-at="2021-09-22T02:38:41Z" finished-at="2021-09-22T02:38:50Z">
          <reporter-output>
          </reporter-output>
        </test-method> <!-- init -->
        <test-method status="PASS" signature="endTest()[pri:0, instance:com.aspiration.test.HomePageTest@7a5d012c]" name="endTest" is-config="true" duration-ms="460" started-at="2021-09-22T02:39:05Z" finished-at="2021-09-22T02:39:05Z">
          <reporter-output>
          </reporter-output>
        </test-method> <!-- endTest -->
      </class> <!-- com.aspiration.test.HomePageTest -->
      <class name="com.aspiration.test.OurProductsTest">
        <test-method status="PASS" signature="init()[pri:0, instance:com.aspiration.test.OurProductsTest@3fb6a447]" name="init" duration-ms="9140" started-at="2021-09-22T02:38:50Z" finished-at="2021-09-22T02:39:00Z">
          <reporter-output>
          </reporter-output>
        </test-method> <!-- init -->
      </class> <!-- com.aspiration.test.OurProductsTest -->
    </test> <!-- Aspiration Test -->
  </suite> <!-- suite -->
</testng-results>
