<?xml version="1.0" encoding="UTF-8"?>
<testng-results skipped="0" failed="0" ignored="4" total="6" passed="2">
  <reporter-output>
  </reporter-output>
  <suite name="suite" duration-ms="9242" started-at="2021-09-15T05:36:13Z" finished-at="2021-09-15T05:36:23Z">
    <groups>
    </groups>
    <test name="Aspiration Test" duration-ms="9242" started-at="2021-09-15T05:36:13Z" finished-at="2021-09-15T05:36:23Z">
      <class name="com.aspiration.test.HomePageTest">
        <test-method status="PASS" signature="init()[pri:0, instance:com.aspiration.test.HomePageTest@79b4d0f]" name="init" duration-ms="8771" started-at="2021-09-15T05:36:13Z" finished-at="2021-09-15T05:36:22Z">
          <reporter-output>
          </reporter-output>
        </test-method> <!-- init -->
      </class> <!-- com.aspiration.test.HomePageTest -->
      <class name="com.aspiration.test.TestBase">
        <test-method status="PASS" signature="initialize()[pri:0, instance:com.aspiration.test.TestBase@3fb6a447]" name="initialize" is-config="true" duration-ms="8295" started-at="2021-09-15T05:36:05Z" finished-at="2021-09-15T05:36:13Z">
          <reporter-output>
          </reporter-output>
        </test-method> <!-- initialize -->
        <test-method status="PASS" signature="endTest()[pri:0, instance:com.aspiration.test.TestBase@3fb6a447]" name="endTest" is-config="true" duration-ms="348" started-at="2021-09-15T05:36:28Z" finished-at="2021-09-15T05:36:28Z">
          <reporter-output>
          </reporter-output>
        </test-method> <!-- endTest -->
      </class> <!-- com.aspiration.test.TestBase -->
      <class name="com.aspiration.test.OurProductsTest">
        <test-method status="PASS" signature="init()[pri:0, instance:com.aspiration.test.OurProductsTest@6b2fad11]" name="init" duration-ms="447" started-at="2021-09-15T05:36:22Z" finished-at="2021-09-15T05:36:23Z">
          <reporter-output>
          </reporter-output>
        </test-method> <!-- init -->
      </class> <!-- com.aspiration.test.OurProductsTest -->
    </test> <!-- Aspiration Test -->
  </suite> <!-- suite -->
</testng-results>
